0 info it worked if it ends with ok
1 verbose cli [ '/usr/local/bin/node',
1 verbose cli   '/usr/local/bin/npm',
1 verbose cli   'version',
1 verbose cli   'minor' ]
2 info using npm@1.3.14
3 info using node@v0.10.22
4 error version No package.json found
5 error Error: ENOENT, open '/home/nhq/development/opa/public/package.json'
6 error If you need help, you may report this log at:
6 error     <http://github.com/isaacs/npm/issues>
6 error or email it to:
6 error     <npm-@googlegroups.com>
7 error System Linux 3.2.0-34-generic-pae
8 error command "/usr/local/bin/node" "/usr/local/bin/npm" "version" "minor"
9 error cwd /home/nhq/development/opa/public
10 error node -v v0.10.22
11 error npm -v 1.3.14
12 error path /home/nhq/development/opa/public/package.json
13 error code ENOENT
14 error errno 34
15 verbose exit [ 34, true ]
